<?xml version="1.0" encoding="UTF-8"?>
<!-- Generated by org.testng.reporters.JUnitReportReporter -->
<testsuite skipped="0" hostname="W8-GN-FC-020" name="MyNewProject.anand.Test2" tests="2" failures="0" timestamp="28 Jun 2018 05:52:54 GMT" time="0.009" errors="0">
  <testcase name="f1" time="0.006" classname="MyNewProject.anand.Test2"/>
  <testcase name="f" time="0.003" classname="MyNewProject.anand.Test2"/>
</testsuite> <!-- MyNewProject.anand.Test2 -->
