<?xml version="1.0" encoding="UTF-8"?>
<!-- Generated by org.testng.reporters.JUnitReportReporter -->
<testsuite skipped="0" hostname="W8-GN-FC-020" name="MyNewProject.anand.NewTest" tests="2" failures="0" timestamp="28 Jun 2018 05:55:24 GMT" time="0.018" errors="0">
  <testcase name="f" time="0.011" classname="MyNewProject.anand.NewTest"/>
  <testcase name="f1" time="0.007" classname="MyNewProject.anand.NewTest"/>
</testsuite> <!-- MyNewProject.anand.NewTest -->
