<?xml version="1.0" encoding="UTF-8"?>
<!-- Generated by org.testng.reporters.JUnitReportReporter -->
<testsuite skipped="1" hostname="W8-GN-FC-020" name="Test.Flight" tests="1" failures="0" timestamp="28 Dec 2018 05:28:24 GMT" time="0.000" errors="0">
  <testcase name="flightReservation" time="0.000" classname="Test.Flight">
    <skipped/>
  </testcase> <!-- flightReservation -->
</testsuite> <!-- Test.Flight -->
