<?xml version="1.0" encoding="UTF-8"?>
<!-- Generated by org.testng.reporters.JUnitReportReporter -->
<testsuite hostname="W8-GN-FC-020" name="com.qa.test.getAPITest" tests="1" failures="0" timestamp="15 Jan 2019 09:52:49 GMT" time="536.025" errors="0">
  <testcase name="getAPITestWithArrays" time="536.025" classname="com.qa.test.getAPITest"/>
</testsuite> <!-- com.qa.test.getAPITest -->
