<?xml version="1.0" encoding="UTF-8"?>
<!-- Generated by org.testng.reporters.JUnitReportReporter -->
<testsuite hostname="W8-GN-FC-020" name="com.qa.test.postAPI" tests="1" failures="0" timestamp="15 Jan 2019 08:12:01 GMT" time="1.452" errors="0">
  <testcase name="postAPITest" time="1.452" classname="com.qa.test.postAPI"/>
</testsuite> <!-- com.qa.test.postAPI -->
